<?xml version="1.0" encoding="UTF-8"?>
<testsuite name="fr.uparis.informatique.cpoo5.junit5demo.TestJunit5Demo" tests="1" skipped="0" failures="0" errors="0" timestamp="2022-12-19T17:25:20" hostname="DESKTOP-K1SK5D6" time="0.056">
  <properties/>
  <testcase name="testFonctionATester()" classname="fr.uparis.informatique.cpoo5.junit5demo.TestJunit5Demo" time="0.056"/>
  <system-out><![CDATA[]]></system-out>
  <system-err><![CDATA[]]></system-err>
</testsuite>
